0 info it worked if it ends with ok
1 verbose cli [ '/opt/local/bin/node', '/opt/local/bin/npm', 'start' ]
2 info using npm@2.14.14
3 info using node@v4.2.6
4 verbose run-script [ 'prestart', 'start', 'poststart' ]
5 info prestart oakjs@0.0.1
6 info start oakjs@0.0.1
7 verbose unsafe-perm in lifecycle true
8 info oakjs@0.0.1 Failed to exec start script
9 verbose stack Error: oakjs@0.0.1 start: `babel-node server`
9 verbose stack Exit status 1
9 verbose stack     at EventEmitter.<anonymous> (/opt/local/lib/node_modules/npm/lib/utils/lifecycle.js:214:16)
9 verbose stack     at emitTwo (events.js:87:13)
9 verbose stack     at EventEmitter.emit (events.js:172:7)
9 verbose stack     at ChildProcess.<anonymous> (/opt/local/lib/node_modules/npm/lib/utils/spawn.js:24:14)
9 verbose stack     at emitTwo (events.js:87:13)
9 verbose stack     at ChildProcess.emit (events.js:172:7)
9 verbose stack     at maybeClose (internal/child_process.js:821:16)
9 verbose stack     at Process.ChildProcess._handle.onexit (internal/child_process.js:211:5)
10 verbose pkgid oakjs@0.0.1
11 verbose cwd /www/oak/client
12 error Darwin 15.3.0
13 error argv "/opt/local/bin/node" "/opt/local/bin/npm" "start"
14 error node v4.2.6
15 error npm  v2.14.14
16 error code ELIFECYCLE
17 error oakjs@0.0.1 start: `babel-node server`
17 error Exit status 1
18 error Failed at the oakjs@0.0.1 start script 'babel-node server'.
18 error This is most likely a problem with the oakjs package,
18 error not with npm itself.
18 error Tell the author that this fails on your system:
18 error     babel-node server
18 error You can get their info via:
18 error     npm owner ls oakjs
18 error There is likely additional logging output above.
19 verbose exit [ 1, true ]
